-------------------------------------------------------------------------------
Test set: TestSuite
-------------------------------------------------------------------------------
Tests run: 7, Failures: 1, Errors: 0, Skipped: 6, Time elapsed: 0.917 s <<< FAILURE! - in TestSuite
launchBrowser(edgebrowser)  Time elapsed: 0.706 s  <<< FAILURE!
java.lang.IllegalStateException: The driver executable does not exist: C:\home\testing\Desktop\chromedriver_linux64\chromedriver
	at edgebrowser.launchBrowser(edgebrowser.java:22)

