<?xml version="1.0" encoding="UTF-8"?>
<!-- Generated by org.testng.reporters.JUnitXMLReporter -->
<testsuite hostname="LAPTOP-FT5S200T" ignored="2" tests="0" failures="0" timestamp="09 Aug 2019 09:49:29 GMT" time="0.007" errors="0">
  <testcase name="openChromeBrowser" time="0.0" classname="edgebrowser">
    <ignored/>
  </testcase> <!-- openChromeBrowser -->
  <testcase name="launchBrowser" time="0.0" classname="edgebrowser">
    <ignored/>
  </testcase> <!-- launchBrowser -->
</testsuite>
