<?xml version="1.0" encoding="UTF-8"?>
<testng-results skipped="0" failed="0" ignored="0" total="3" passed="3">
  <reporter-output>
  </reporter-output>
  <suite name="Default suite" duration-ms="10539" started-at="2019-07-30T08:27:57Z" finished-at="2019-07-30T08:28:07Z">
    <groups>
    </groups>
    <test name="Default test" duration-ms="10539" started-at="2019-07-30T08:27:57Z" finished-at="2019-07-30T08:28:07Z">
      <class name="edgebrowser">
        <test-method status="PASS" signature="launchBrowser()[pri:1, instance:edgebrowser@39aeed2f]" name="launchBrowser" duration-ms="7736" started-at="2019-07-30T08:27:57Z" finished-at="2019-07-30T08:28:05Z">
          <reporter-output>
          </reporter-output>
        </test-method> <!-- launchBrowser -->
        <test-method status="PASS" signature="openEdgeBrowser()[pri:2, instance:edgebrowser@39aeed2f]" name="openEdgeBrowser" duration-ms="1601" started-at="2019-07-30T08:28:05Z" finished-at="2019-07-30T08:28:06Z">
          <reporter-output>
          </reporter-output>
        </test-method> <!-- openEdgeBrowser -->
        <test-method status="PASS" signature="closeDriver()[pri:3, instance:edgebrowser@39aeed2f]" name="closeDriver" duration-ms="1122" started-at="2019-07-30T08:28:06Z" finished-at="2019-07-30T08:28:07Z">
          <reporter-output>
          </reporter-output>
        </test-method> <!-- closeDriver -->
      </class> <!-- edgebrowser -->
    </test> <!-- Default test -->
  </suite> <!-- Default suite -->
</testng-results>
